<?xml version="1.0" encoding="UTF-8" ?>
<testsuite tests="7" failures="0" name="org.apache.commons.logging.jdk14.CustomConfigTestCase" time="0.021" errors="0" skipped="0">
  <properties>
    <property name="java.runtime.name" value="Java(TM) SE Runtime Environment"/>
    <property name="sun.boot.library.path" value="D:\Java\jdk1.8.0_05\jre\bin"/>
    <property name="java.vm.version" value="25.5-b02"/>
    <property name="java.vm.vendor" value="Oracle Corporation"/>
    <property name="maven.multiModuleProjectDirectory" value="F:\zhong_J2EE\commons-logging-1.2-src"/>
    <property name="java.vendor.url" value="http://java.oracle.com/"/>
    <property name="path.separator" value=";"/>
    <property name="guice.disable.misplaced.annotation.check" value="true"/>
    <property name="java.vm.name" value="Java HotSpot(TM) 64-Bit Server VM"/>
    <property name="file.encoding.pkg" value="sun.io"/>
    <property name="user.script" value=""/>
    <property name="user.country" value="US"/>
    <property name="sun.java.launcher" value="SUN_STANDARD"/>
    <property name="sun.os.patch.level" value="Service Pack 1"/>
    <property name="java.vm.specification.name" value="Java Virtual Machine Specification"/>
    <property name="user.dir" value="F:\zhong_J2EE\commons-logging-1.2-src"/>
    <property name="java.runtime.version" value="1.8.0_05-b13"/>
    <property name="java.awt.graphicsenv" value="sun.awt.Win32GraphicsEnvironment"/>
    <property name="java.endorsed.dirs" value="D:\Java\jdk1.8.0_05\jre\lib\endorsed"/>
    <property name="os.arch" value="amd64"/>
    <property name="java.io.tmpdir" value="C:\Users\BRIAN~1.ZHO\AppData\Local\Temp\"/>
    <property name="line.separator" value="
"/>
    <property name="java.vm.specification.vendor" value="Oracle Corporation"/>
    <property name="user.variant" value=""/>
    <property name="os.name" value="Windows 7"/>
    <property name="classworlds.conf" value="F:\zhong_J2EE\apache-maven-3.5.0\bin\..\bin\m2.conf"/>
    <property name="sun.jnu.encoding" value="GBK"/>
    <property name="java.library.path" value="D:\Java\jdk1.8.0_05\bin;C:\Windows\Sun\Java\bin;C:\Windows\system32;C:\Windows;D:\Git\bin;D:\OracleClient\12.1.0\client_1;D:\Python27\;D:\Python27\Scripts;D:\Perl64\site\bin;D:\Perl64\bin;C:\Program Files (x86)\Intel\iCLS Client\;C:\Program Files\Intel\iCLS Client\;C:\Windows\system32;C:\Windows;C:\Windows\System32\Wbem;C:\Windows\System32\WindowsPowerShell\v1.0\;C:\Program Files\Intel\Intel(R) Management Engine Components\DAL;C:\Program Files\Intel\Intel(R) Management Engine Components\IPT;C:\Program Files (x86)\Intel\Intel(R) Management Engine Components\DAL;C:\Program Files (x86)\Intel\Intel(R) Management Engine Components\IPT;C:\Program Files (x86)\Intel\OpenCL SDK\2.0\bin\x86;C:\Program Files (x86)\Intel\OpenCL SDK\2.0\bin\x64;D:\apache-ant-1.9.4\bin;C:\Program Files\Microsoft SDKs\Windows\v6.0A\Bin;D:\Microsoft Visual Studio 9.0\Common7\Tools;D:\Microsoft Visual Studio 9.0\VC\bin;D:\Microsoft SQL Server\120\DTS\Binn\;D:\Microsoft SQL Server\Client SDK\ODBC\110\Tools\Binn\;D:\Microsoft SQL Server x86\120\Tools\Binn\;D:\Microsoft SQL Server\120\Tools\Binn\;D:\Microsoft SQL Server x86\120\Tools\Binn\ManagementStudio\;D:\Microsoft SQL Server x86\120\DTS\Binn\;C:\Program Files\TortoiseSVN\bin;D:\Notepad++;D:\Beyond Compare 3;D:\TortoiseGit\bin;C:\Program Files (x86)\Microsoft SQL Server\90\Tools\binn\;D:\nodejs\;C:\Program Files (x86)\Skype\Phone\;D:\Python36\Scripts\;D:\Python36\;C:\Users\brian.zhong\AppData\Roaming\npm;."/>
    <property name="maven.conf" value="F:\zhong_J2EE\apache-maven-3.5.0\bin\../conf"/>
    <property name="java.specification.name" value="Java Platform API Specification"/>
    <property name="java.class.version" value="52.0"/>
    <property name="sun.management.compiler" value="HotSpot 64-Bit Tiered Compilers"/>
    <property name="os.version" value="6.1"/>
    <property name="library.jansi.path" value="F:\zhong_J2EE\apache-maven-3.5.0\bin\..\lib\jansi-native\windows64"/>
    <property name="user.home" value="C:\Users\brian.zhong"/>
    <property name="user.timezone" value="Asia/Shanghai"/>
    <property name="java.awt.printerjob" value="sun.awt.windows.WPrinterJob"/>
    <property name="java.specification.version" value="1.8"/>
    <property name="file.encoding" value="GBK"/>
    <property name="user.name" value="brian.zhong"/>
    <property name="java.class.path" value="F:\zhong_J2EE\apache-maven-3.5.0\bin\..\boot\plexus-classworlds-2.5.2.jar"/>
    <property name="java.vm.specification.version" value="1.8"/>
    <property name="sun.arch.data.model" value="64"/>
    <property name="java.home" value="D:\Java\jdk1.8.0_05\jre"/>
    <property name="sun.java.command" value="org.codehaus.plexus.classworlds.launcher.Launcher verify site assembly:assembly"/>
    <property name="java.specification.vendor" value="Oracle Corporation"/>
    <property name="user.language" value="en"/>
    <property name="awt.toolkit" value="sun.awt.windows.WToolkit"/>
    <property name="java.vm.info" value="mixed mode"/>
    <property name="java.version" value="1.8.0_05"/>
    <property name="java.ext.dirs" value="D:\Java\jdk1.8.0_05\jre\lib\ext;C:\Windows\Sun\Java\lib\ext"/>
    <property name="sun.boot.class.path" value="D:\Java\jdk1.8.0_05\jre\lib\resources.jar;D:\Java\jdk1.8.0_05\jre\lib\rt.jar;D:\Java\jdk1.8.0_05\jre\lib\sunrsasign.jar;D:\Java\jdk1.8.0_05\jre\lib\jsse.jar;D:\Java\jdk1.8.0_05\jre\lib\jce.jar;D:\Java\jdk1.8.0_05\jre\lib\charsets.jar;D:\Java\jdk1.8.0_05\jre\lib\jfr.jar;D:\Java\jdk1.8.0_05\jre\classes"/>
    <property name="sun.stderr.encoding" value="ms936"/>
    <property name="java.vendor" value="Oracle Corporation"/>
    <property name="maven.home" value="F:\zhong_J2EE\apache-maven-3.5.0\bin\.."/>
    <property name="file.separator" value="\"/>
    <property name="java.vendor.url.bug" value="http://bugreport.sun.com/bugreport/"/>
    <property name="sun.cpu.endian" value="little"/>
    <property name="sun.io.unicode.encoding" value="UnicodeLittle"/>
    <property name="sun.stdout.encoding" value="ms936"/>
    <property name="sun.desktop" value="windows"/>
    <property name="sun.cpu.isalist" value="amd64"/>
  </properties>
  <testcase classname="org.apache.commons.logging.jdk14.CustomConfigTestCase" name="testExceptionMessages" time="0.012"/>
  <testcase classname="org.apache.commons.logging.jdk14.CustomConfigTestCase" name="testPlainMessages" time="0.004"/>
  <testcase classname="org.apache.commons.logging.jdk14.CustomConfigTestCase" name="testPristineHandlers" time="0"/>
  <testcase classname="org.apache.commons.logging.jdk14.CustomConfigTestCase" name="testPristineLogger" time="0.001"/>
  <testcase classname="org.apache.commons.logging.jdk14.CustomConfigTestCase" name="testSerializable" time="0.003"/>
  <testcase classname="org.apache.commons.logging.jdk14.CustomConfigTestCase" name="testPristineFactory" time="0.001"/>
  <testcase classname="org.apache.commons.logging.jdk14.CustomConfigTestCase" name="testPristineLog" time="0"/>
</testsuite>